<?xml version="1.0" encoding="UTF-8"?>
<testsuite name="demoqa.FormWithObjects.Pages.RegistrationWithObjectTests" tests="2" skipped="0" failures="0" errors="0" timestamp="2024-01-30T21:55:15" hostname="MacBook-Pro-Amil.local" time="32.713">
  <properties/>
  <testcase name="Негативный тест: не введен номер телефона" classname="demoqa.FormWithObjects.Pages.RegistrationWithObjectTests" time="20.027"/>
  <testcase name="Позитивный тест: формирование валидной заявки" classname="demoqa.FormWithObjects.Pages.RegistrationWithObjectTests" time="12.679"/>
  <system-out><![CDATA[]]></system-out>
  <system-err><![CDATA[]]></system-err>
</testsuite>
